<?xml version="1.0" encoding="UTF-8"?>
<!-- Generated by org.testng.reporters.JUnitXMLReporter -->
<testsuite hostname="BLR1-LP34YG622" name="Test" tests="1" failures="1" timestamp="1 May 2018 15:04:49 GMT" time="26.697" errors="0">
  <testcase name="@AfterMethod tearDown" time="0.0" classname="com.sv.test.SVSignOnTest">
    <failure type="java.io.FileNotFoundException" message="C:\Users\e3009192\Framework\ServiceViewAutomationProject (Access is denied)">
      <![CDATA[java.io.FileNotFoundException: C:\Users\e3009192\Framework\ServiceViewAutomationProject (Access is denied)
	at java.io.FileOutputStream.open0(Native Method)
	at java.io.FileOutputStream.open(Unknown Source)
	at java.io.FileOutputStream.<init>(Unknown Source)
	at java.io.FileOutputStream.<init>(Unknown Source)
	at org.apache.maven.shared.utils.io.FileUtils.doCopyFile(FileUtils.java:876)
	at org.apache.maven.shared.utils.io.FileUtils.copyFile(FileUtils.java:847)
	at com.sv.utilities.TestUtil.getSnapShot(TestUtil.java:62)
	at com.sv.test.SVSignOnTest.tearDown(SVSignOnTest.java:90)
... Removed 26 stack frames]]>
    </failure>
  </testcase> <!-- @AfterMethod tearDown -->
  <testcase name="@AfterTest endReport" time="0.0" classname="com.sv.test.SVSignOnTest">
    <skipped/>
  </testcase> <!-- @AfterTest endReport -->
  <testcase name="ClickOnSignOnButton" time="0.043" classname="com.sv.test.SVSignOnTest">
    <failure type="java.lang.AssertionError" message="expected [Service View Startp..] but found [Service View Startup..]">
      <![CDATA[java.lang.AssertionError: expected [Service View Startp..] but found [Service View Startup..]
	at com.sv.test.SVSignOnTest.ClickOnSignOnButton(SVSignOnTest.java:78)
... Removed 29 stack frames]]>
    </failure>
  </testcase> <!-- ClickOnSignOnButton -->
</testsuite> <!-- Test -->
